Android-microtask_edicola/Android-microtask_edicola/app/build/outputs/logs/manifest-merger-x86-debug-report.txt
-- Merging decision tree log ---
manifest
ADDED from src\main\AndroidManifest.xml:2:1-17:12
	package
		ADDED from src\main\AndroidManifest.xml:3:11-50
		INJECTED from src\main\AndroidManifest.xml
		INJECTED from src\main\AndroidManifest.xml
	android:versionName
		ADDED from src\main\AndroidManifest.xml:5:11-36
		INJECTED from src\main\AndroidManifest.xml
		INJECTED from src\main\AndroidManifest.xml
	android:versionCode
		ADDED from src\main\AndroidManifest.xml:4:11-34
		INJECTED from src\main\AndroidManifest.xml
		INJECTED from src\main\AndroidManifest.xml
	xmlns:android
		ADDED from src\main\AndroidManifest.xml:2:11-69
application
ADDED from src\main\AndroidManifest.xml:6:3-16:17
	android:label
		ADDED from src\main\AndroidManifest.xml:8:7-39
	android:allowBackup
		ADDED from src\main\AndroidManifest.xml:7:7-34
activity#com.Android_microtask_edicola.Android_microtask_edicola
ADDED from src\main\AndroidManifest.xml:9:5-15:16
	android:label
		ADDED from src\main\AndroidManifest.xml:10:15-47
	android:name
		ADDED from src\main\AndroidManifest.xml:9:15-56
intent-filter#android.intent.action.MAIN+android.intent.category.LAUNCHER
ADDED from src\main\AndroidManifest.xml:11:7-14:23
action#android.intent.action.MAIN
ADDED from src\main\AndroidManifest.xml:12:9-61
	android:name
		ADDED from src\main\AndroidManifest.xml:12:17-58
category#android.intent.category.LAUNCHER
ADDED from src\main\AndroidManifest.xml:13:9-69
	android:name
		ADDED from src\main\AndroidManifest.xml:13:19-66
uses-sdk
INJECTED from src\main\AndroidManifest.xml reason: use-sdk injection requested
	android:targetSdkVersion
		INJECTED from src\main\AndroidManifest.xml
		INJECTED from src\main\AndroidManifest.xml
	android:minSdkVersion
		INJECTED from src\main\AndroidManifest.xml
		INJECTED from src\main\AndroidManifest.xml